<?xml version="1.0" encoding="UTF-8"?>
<Site BuildName="Linux-g++"
	BuildStamp="20250114-0939-Experimental"
	Name="pervasive-02"
	Generator="ctest-3.22.1"
	CompilerName="/usr/bin/g++"
	CompilerVersion=""
	OSName="Linux"
	Hostname="pervasive-02"
	OSRelease="6.8.0-51-generic"
	OSVersion="#52~22.04.1-Ubuntu SMP PREEMPT_DYNAMIC Mon Dec  9 15:00:52 UTC 2"
	OSPlatform="x86_64"
	Is64Bits="1"
	VendorString="GenuineIntel"
	VendorID="Intel Corporation"
	FamilyID="6"
	ModelID="191"
	ProcessorCacheSize="24576"
	NumberOfLogicalCPU="20"
	NumberOfPhysicalCPU="14"
	TotalVirtualMemory="2047"
	TotalPhysicalMemory="15679"
	LogicalProcessorsPerPhysical="1"
	ProcessorClockFrequency="800"
	>
	<Testing>
		<StartDateTime>Jan 14 12:26 CET</StartDateTime>
		<StartTestTime>1736853989</StartTestTime>
		<TestList/>
		<EndDateTime>Jan 14 12:26 CET</EndDateTime>
		<EndTestTime>1736853989</EndTestTime>
		<ElapsedMinutes>0</ElapsedMinutes>
	</Testing>
</Site>
